This file contains any messages produced by compilers while
running configure, to aid debugging if configure makes a mistake.

It was created by riscv-toolchain configure 1.0, which was
generated by GNU Autoconf 2.69.  Invocation command line was

  $ ./configure --prefix=/home/safari/aolgun/riscv-toolchain-xmem/bin --with-arch=rv64ima --with-abi=lp64

## --------- ##
## Platform. ##
## --------- ##

hostname = safari-fpga7
uname -m = x86_64
uname -r = 5.0.0-32-generic
uname -s = Linux
uname -v = #34~18.04.2-Ubuntu SMP Thu Oct 10 10:36:02 UTC 2019

/usr/bin/uname -p = unknown
/bin/uname -X     = unknown

/bin/arch              = unknown
/usr/bin/arch -k       = unknown
/usr/convex/getsysinfo = unknown
/usr/bin/hostinfo      = unknown
/bin/machine           = unknown
/usr/bin/oslevel       = unknown
/bin/universe          = unknown

PATH: /home/safari/.local/bin
PATH: /opt/bwtk/2019.1/bin
PATH: /usr/local/sbin
PATH: /usr/local/bin
PATH: /usr/sbin
PATH: /usr/bin
PATH: /sbin
PATH: /bin
PATH: /usr/games
PATH: /usr/local/games
PATH: /snap/bin
PATH: /home/safari/aolgun/riscv-toolchain-xmem/bin/bin
PATH: /opt/Xilinx/Vivado/2016.2/bin/
PATH: /opt/Xilinx/SDK/2016.2/bin/


## ----------- ##
## Core tests. ##
## ----------- ##

configure:1895: checking for gcc
configure:1911: found /usr/bin/gcc
configure:1922: result: gcc
configure:2151: checking for C compiler version
configure:2160: gcc --version >&5
gcc (Ubuntu 7.4.0-1ubuntu1~18.04.1) 7.4.0
Copyright (C) 2017 Free Software Foundation, Inc.
This is free software; see the source for copying conditions.  There is NO
warranty; not even for MERCHANTABILITY or FITNESS FOR A PARTICULAR PURPOSE.

configure:2171: $? = 0
configure:2160: gcc -v >&5
Using built-in specs.
COLLECT_GCC=gcc
COLLECT_LTO_WRAPPER=/usr/lib/gcc/x86_64-linux-gnu/7/lto-wrapper
OFFLOAD_TARGET_NAMES=nvptx-none
OFFLOAD_TARGET_DEFAULT=1
Target: x86_64-linux-gnu
Configured with: ../src/configure -v --with-pkgversion='Ubuntu 7.4.0-1ubuntu1~18.04.1' --with-bugurl=file:///usr/share/doc/gcc-7/README.Bugs --enable-languages=c,ada,c++,go,brig,d,fortran,objc,obj-c++ --prefix=/usr --with-gcc-major-version-only --program-suffix=-7 --program-prefix=x86_64-linux-gnu- --enable-shared --enable-linker-build-id --libexecdir=/usr/lib --without-included-gettext --enable-threads=posix --libdir=/usr/lib --enable-nls --with-sysroot=/ --enable-clocale=gnu --enable-libstdcxx-debug --enable-libstdcxx-time=yes --with-default-libstdcxx-abi=new --enable-gnu-unique-object --disable-vtable-verify --enable-libmpx --enable-plugin --enable-default-pie --with-system-zlib --with-target-system-zlib --enable-objc-gc=auto --enable-multiarch --disable-werror --with-arch-32=i686 --with-abi=m64 --with-multilib-list=m32,m64,mx32 --enable-multilib --with-tune=generic --enable-offload-targets=nvptx-none --without-cuda-driver --enable-checking=release --build=x86_64-linux-gnu --host=x86_64-linux-gnu --target=x86_64-linux-gnu
Thread model: posix
gcc version 7.4.0 (Ubuntu 7.4.0-1ubuntu1~18.04.1) 
configure:2171: $? = 0
configure:2160: gcc -V >&5
gcc: error: unrecognized command line option '-V'
gcc: fatal error: no input files
compilation terminated.
configure:2171: $? = 1
configure:2160: gcc -qversion >&5
gcc: error: unrecognized command line option '-qversion'; did you mean '--version'?
gcc: fatal error: no input files
compilation terminated.
configure:2171: $? = 1
configure:2191: checking whether the C compiler works
configure:2213: gcc    conftest.c  >&5
configure:2217: $? = 0
configure:2265: result: yes
configure:2268: checking for C compiler default output file name
configure:2270: result: a.out
configure:2276: checking for suffix of executables
configure:2283: gcc -o conftest    conftest.c  >&5
configure:2287: $? = 0
configure:2309: result: 
configure:2331: checking whether we are cross compiling
configure:2339: gcc -o conftest    conftest.c  >&5
configure:2343: $? = 0
configure:2350: ./conftest
configure:2354: $? = 0
configure:2369: result: no
configure:2374: checking for suffix of object files
configure:2396: gcc -c   conftest.c >&5
configure:2400: $? = 0
configure:2421: result: o
configure:2425: checking whether we are using the GNU C compiler
configure:2444: gcc -c   conftest.c >&5
configure:2444: $? = 0
configure:2453: result: yes
configure:2462: checking whether gcc accepts -g
configure:2482: gcc -c -g  conftest.c >&5
configure:2482: $? = 0
configure:2523: result: yes
configure:2540: checking for gcc option to accept ISO C89
configure:2603: gcc  -c -g -O2  conftest.c >&5
configure:2603: $? = 0
configure:2616: result: none needed
configure:2636: checking for grep that handles long lines and -e
configure:2694: result: /bin/grep
configure:2699: checking for fgrep
configure:2761: result: /bin/grep -F
configure:2766: checking for grep that handles long lines and -e
configure:2824: result: /bin/grep
configure:2832: checking for bash
configure:2863: result: /bin/bash
configure:2934: checking for __gmpz_init in -lgmp
configure:2959: gcc -o conftest -g -O2   conftest.c -lgmp   >&5
configure:2959: $? = 0
configure:2968: result: yes
configure:2981: checking for mpfr_init in -lmpfr
configure:3006: gcc -o conftest -g -O2   conftest.c -lmpfr  -lgmp  >&5
configure:3006: $? = 0
configure:3015: result: yes
configure:3028: checking for mpc_init2 in -lmpc
configure:3053: gcc -o conftest -g -O2   conftest.c -lmpc  -lmpfr -lgmp  >&5
configure:3053: $? = 0
configure:3062: result: yes
configure:3085: checking for curl
configure:3103: found /usr/bin/curl
configure:3116: result: /usr/bin/curl
configure:3126: checking for wget
configure:3144: found /usr/bin/wget
configure:3157: result: /usr/bin/wget
configure:3167: checking for ftp
configure:3185: found /usr/bin/ftp
configure:3198: result: /usr/bin/ftp
configure:3582: creating ./config.status

## ---------------------- ##
## Running config.status. ##
## ---------------------- ##

This file was extended by riscv-toolchain config.status 1.0, which was
generated by GNU Autoconf 2.69.  Invocation command line was

  CONFIG_FILES    = 
  CONFIG_HEADERS  = 
  CONFIG_LINKS    = 
  CONFIG_COMMANDS = 
  $ ./config.status 

on safari-fpga7

config.status:744: creating Makefile
config.status:744: creating scripts/wrapper/awk/awk
config.status:744: creating scripts/wrapper/sed/sed

## ---------------- ##
## Cache variables. ##
## ---------------- ##

ac_cv_c_compiler_gnu=yes
ac_cv_env_CC_set=
ac_cv_env_CC_value=
ac_cv_env_CFLAGS_set=
ac_cv_env_CFLAGS_value=
ac_cv_env_CPPFLAGS_set=
ac_cv_env_CPPFLAGS_value=
ac_cv_env_LDFLAGS_set=
ac_cv_env_LDFLAGS_value=
ac_cv_env_LIBS_set=
ac_cv_env_LIBS_value=
ac_cv_env_build_alias_set=
ac_cv_env_build_alias_value=
ac_cv_env_host_alias_set=
ac_cv_env_host_alias_value=
ac_cv_env_target_alias_set=
ac_cv_env_target_alias_value=
ac_cv_lib_gmp___gmpz_init=yes
ac_cv_lib_mpc_mpc_init2=yes
ac_cv_lib_mpfr_mpfr_init=yes
ac_cv_objext=o
ac_cv_path_BASH=/bin/bash
ac_cv_path_CURL=/usr/bin/curl
ac_cv_path_FGREP='/bin/grep -F'
ac_cv_path_FTP=/usr/bin/ftp
ac_cv_path_GAWK=/usr/bin/gawk
ac_cv_path_GREP=/bin/grep
ac_cv_path_GSED=/bin/sed
ac_cv_path_WGET=/usr/bin/wget
ac_cv_prog_ac_ct_CC=gcc
ac_cv_prog_cc_c89=
ac_cv_prog_cc_g=yes

## ----------------- ##
## Output variables. ##
## ----------------- ##

BASH='/bin/bash'
CC='gcc'
CFLAGS='-g -O2'
CPPFLAGS=''
CURL='/usr/bin/curl'
DEFS='-DPACKAGE_NAME=\"riscv-toolchain\" -DPACKAGE_TARNAME=\"riscv-toolchain\" -DPACKAGE_VERSION=\"1.0\" -DPACKAGE_STRING=\"riscv-toolchain\ 1.0\" -DPACKAGE_BUGREPORT=\"\" -DPACKAGE_URL=\"\" -DHAVE_LIBGMP=1 -DHAVE_LIBMPFR=1 -DHAVE_LIBMPC=1'
ECHO_C=''
ECHO_N='-n'
ECHO_T=''
EXEEXT=''
FETCHER='/usr/bin/curl -L -o - --ftp-pasv --retry 10'
FGREP='/bin/grep -F'
FTP='/usr/bin/ftp'
GAWK='/usr/bin/gawk'
GREP='/bin/grep'
GSED='/bin/sed'
LDFLAGS=''
LIBOBJS=''
LIBS='-lmpc -lmpfr -lgmp '
LTLIBOBJS=''
NEED_GCC_EXTERNAL_LIBRARIES='false'
OBJEXT='o'
PACKAGE_BUGREPORT=''
PACKAGE_NAME='riscv-toolchain'
PACKAGE_STRING='riscv-toolchain 1.0'
PACKAGE_TARNAME='riscv-toolchain'
PACKAGE_URL=''
PACKAGE_VERSION='1.0'
PATH_SEPARATOR=':'
SHELL='/bin/bash'
WGET='/usr/bin/wget'
WITH_ABI='--with-abi=lp64'
WITH_ARCH='--with-arch=rv64ima'
ac_ct_CC='gcc'
bindir='${exec_prefix}/bin'
build_alias=''
cmodel='-mcmodel=medlow'
configure_host=''
datadir='${datarootdir}'
datarootdir='${prefix}/share'
default_target='newlib'
docdir='${datarootdir}/doc/${PACKAGE_TARNAME}'
dvidir='${docdir}'
enable_gdb='--enable-gdb'
exec_prefix='${prefix}'
gcc_checking='--enable-checking=yes'
glibc_multilib_names='rv64ima-lp64'
host_alias=''
htmldir='${docdir}'
includedir='${prefix}/include'
infodir='${datarootdir}/info'
libdir='${exec_prefix}/lib'
libexecdir='${exec_prefix}/libexec'
localedir='${datarootdir}/locale'
localstatedir='${prefix}/var'
mandir='${datarootdir}/man'
multilib_flags='--disable-multilib'
newlib_multilib_names='rv64ima-lp64'
oldincludedir='/usr/include'
pdfdir='${docdir}'
prefix='/home/safari/aolgun/riscv-toolchain-xmem/bin'
program_transform_name='s,x,x,'
psdir='${docdir}'
runstatedir='${localstatedir}/run'
sbindir='${exec_prefix}/sbin'
sharedstatedir='${prefix}/com'
sysconfdir='${prefix}/etc'
target_alias=''
with_guile=''
with_system_zlib='--with-system-zlib'

## ----------- ##
## confdefs.h. ##
## ----------- ##

/* confdefs.h */
#define PACKAGE_NAME "riscv-toolchain"
#define PACKAGE_TARNAME "riscv-toolchain"
#define PACKAGE_VERSION "1.0"
#define PACKAGE_STRING "riscv-toolchain 1.0"
#define PACKAGE_BUGREPORT ""
#define PACKAGE_URL ""
#define HAVE_LIBGMP 1
#define HAVE_LIBMPFR 1
#define HAVE_LIBMPC 1

configure: exit 0
